<?xml version="1.0" encoding="UTF-8"?>
<!-- Generated by org.testng.reporters.JUnitReportReporter -->
<testsuite hostname="DESKTOP-M99TTLM" failures="0" tests="2" name="Playlist.CreatePlaylist" time="8.596" errors="0" timestamp="2024-06-24T17:12:23 IST" skipped="0">
  <testcase classname="Playlist.CreatePlaylist" name="getPlaylist" time="0.475"/>
  <testcase classname="Playlist.CreatePlaylist" name="create" time="8.121"/>
</testsuite> <!-- Playlist.CreatePlaylist -->
