<?xml version="1.0" encoding="UTF-8"?>
<!-- Generated by org.testng.reporters.JUnitReportReporter -->
<testsuite hostname="DESKTOP-M99TTLM" failures="0" tests="3" name="playlistRunner.ProjectRunner" time="7.075" errors="0" timestamp="2024-06-26T19:28:42 IST" skipped="0">
  <testcase classname="playlistRunner.ProjectRunner" name="runScenario" time="0.550"/>
  <system-out/>
  <testcase classname="playlistRunner.ProjectRunner" name="runScenario" time="0.543"/>
  <system-out/>
  <testcase classname="playlistRunner.ProjectRunner" name="runScenario" time="5.982"/>
  <system-out/>
</testsuite> <!-- playlistRunner.ProjectRunner -->
